<?xml version="1.0" encoding="UTF-8"?>
<robot generator="Robot 7.4.2 (Python 3.13.2 on darwin)" generated="2026-05-12T12:28:40.765982" rpa="false" schemaversion="5">
<suite id="s1" name="Tests" source="/Users/sarathsadasivanpillai/projects/sparrow/e2e/tests">
<suite id="s1-s1" name="01 Happy Path" source="/Users/sarathsadasivanpillai/projects/sparrow/e2e/tests/01_happy_path.robot">
<kw name="Setup Sparrow Test Suite" type="SETUP">
<kw name="Start Sparrow" owner="SparrowEnvironment">
<msg time="2026-05-12T12:28:40.958763" level="INFO">Pulling image testcontainers/ryuk:0.8.1</msg>
<msg time="2026-05-12T12:28:41.131223" level="INFO">Container started: a98630503e69</msg>
<msg time="2026-05-12T12:28:41.142006" level="INFO">Pulling image postgres:15-alpine</msg>
<msg time="2026-05-12T12:28:41.260296" level="INFO">Container started: a64ac706faaf</msg>
<msg time="2026-05-12T12:28:44.418831" level="INFO">Pulling image sparrow:e2e</msg>
<msg time="2026-05-12T12:28:44.593394" level="INFO">Container started: 3d8cf3cd8bb8</msg>
<msg time="2026-05-12T12:28:45.636662" level="INFO">${url} = http://localhost:33028</msg>
<var>${url}</var>
<doc>Start Postgres + Sparrow containers. Returns the Sparrow HTTP URL.</doc>
<status status="PASS" start="2026-05-12T12:28:40.900209" elapsed="4.736563"/>
</kw>
<kw name="Create Sparrow Session" owner="sparrow_api">
<kw name="Create Dictionary" owner="BuiltIn">
<msg time="2026-05-12T12:28:45.639513" level="INFO">&amp;{headers} = { Content-Type=application/json }</msg>
<var>&amp;{headers}</var>
<arg>Content-Type=application/json</arg>
<doc>Creates and returns a dictionary based on the given ``items``.</doc>
<status status="PASS" start="2026-05-12T12:28:45.637975" elapsed="0.001587"/>
</kw>
<kw name="Create Session" owner="RequestsLibrary">
<msg time="2026-05-12T12:28:45.640179" level="INFO">Creating Session using : alias=sparrow, url=http://localhost:33028, headers={'Content-Type': 'application/json'},                     cookies={}, auth=None, timeout=None, proxies=None, verify=False,                     debug=0 </msg>
<arg>sparrow</arg>
<arg>${url}</arg>
<arg>headers=${headers}</arg>
<arg>verify=${False}</arg>
<doc>Create Session: create a HTTP session to a server</doc>
<status status="PASS" start="2026-05-12T12:28:45.639752" elapsed="0.000702"/>
</kw>
<arg>${url}</arg>
<doc>Create an HTTP session pointing at the Sparrow server.</doc>
<status status="PASS" start="2026-05-12T12:28:45.637324" elapsed="0.003233"/>
</kw>
<status status="PASS" start="2026-05-12T12:28:40.899982" elapsed="4.740652"/>
</kw>
<test id="s1-s1-t1" name="One Event Fans Out To All Subscribers With Valid Signatures" line="24">
<kw name="Generate Namespace" owner="common">
<kw name="Evaluate" owner="BuiltIn">
<msg time="2026-05-12T12:28:45.642733" level="INFO">${ts} = 25642</msg>
<var>${ts}</var>
<arg>str(int(__import__('time').time() * 1000) % 100000)</arg>
<doc>Evaluates the given expression in Python and returns the result.</doc>
<status status="PASS" start="2026-05-12T12:28:45.642122" elapsed="0.000647"/>
</kw>
<kw name="Set Variable" owner="BuiltIn">
<msg time="2026-05-12T12:28:45.643252" level="INFO">${ns} = happy-path-25642</msg>
<var>${ns}</var>
<arg>${prefix}-${ts}</arg>
<doc>Returns the given values which can then be assigned to a variables.</doc>
<status status="PASS" start="2026-05-12T12:28:45.642909" elapsed="0.000373"/>
</kw>
<return>
<value>${ns}</value>
<status status="PASS" start="2026-05-12T12:28:45.643348" elapsed="0.000090"/>
</return>
<msg time="2026-05-12T12:28:45.643593" level="INFO">${ns} = happy-path-25642</msg>
<var>${ns}</var>
<arg>happy-path</arg>
<doc>Generate a unique namespace for test isolation.</doc>
<status status="PASS" start="2026-05-12T12:28:45.641747" elapsed="0.001875"/>
</kw>
<kw name="Start Webhook Target" owner="WebhookTargetServer">
<msg time="2026-05-12T12:28:50.661988" level="INFO">${stripe_url} = http://host.docker.internal:9100/webhook</msg>
<var>${stripe_url}</var>
<arg>stripe</arg>
<arg>ok</arg>
<doc>Start a mock webhook target. Returns the URL.</doc>
<status status="PASS" start="2026-05-12T12:28:45.643856" elapsed="5.018259"/>
</kw>
<kw name="Start Webhook Target" owner="WebhookTargetServer">
<msg time="2026-05-12T12:28:55.675856" level="INFO">${shippo_url} = http://host.docker.internal:9101/webhook</msg>
<var>${shippo_url}</var>
<arg>shippo</arg>
<arg>ok</arg>
<doc>Start a mock webhook target. Returns the URL.</doc>
<status status="PASS" start="2026-05-12T12:28:50.662636" elapsed="5.013320"/>
</kw>
<kw name="Start Webhook Target" owner="WebhookTargetServer">
<msg time="2026-05-12T12:29:00.689378" level="INFO">${slack_url} = http://host.docker.internal:9102/webhook</msg>
<var>${slack_url}</var>
<arg>slack</arg>
<arg>ok</arg>
<doc>Start a mock webhook target. Returns the URL.</doc>
<status status="PASS" start="2026-05-12T12:28:55.676491" elapsed="5.013020"/>
</kw>
<kw name="Register Event" owner="sparrow_api">
<kw name="Create Dictionary" owner="BuiltIn">
<msg time="2026-05-12T12:29:00.691504" level="INFO">${body} = {'name': 'order.created', 'active': True}</msg>
<var>${body}</var>
<arg>name=${event_name}</arg>
<arg>active=${True}</arg>
<doc>Creates and returns a dictionary based on the given ``items``.</doc>
<status status="PASS" start="2026-05-12T12:29:00.690795" elapsed="0.000747"/>
</kw>
<kw name="POST On Session" owner="RequestsLibrary">
<msg time="2026-05-12T12:29:00.714017" level="INFO">POST Request : url=http://localhost:33028/webhook.EventService/RegisterEvent 
 path_url=/webhook.EventService/RegisterEvent 
 headers={'User-Agent': 'python-requests/2.34.0', 'Accept-Encoding': 'gzip, deflate', 'Accept': '*/*', 'Connection': 'keep-alive', 'Content-Type': 'application/json', 'Content-Length': '41'} 
 body=b'{"name": "order.created", "active": true}' 
 </msg>
<msg time="2026-05-12T12:29:00.714223" level="INFO">POST Response : url=http://localhost:33028/webhook.EventService/RegisterEvent 
 status=200, reason=OK 
 headers={'Accept-Encoding': 'gzip', 'Content-Encoding': 'gzip', 'Content-Type': 'application/json', 'Permissions-Policy': 'interest-cohort=()', 'Referrer-Policy': 'strict-origin-when-cross-origin', 'Vary': 'Origin', 'X-Content-Type-Options': 'nosniff', 'X-Frame-Options': 'DENY', 'Date': 'Tue, 12 May 2026 10:29:00 GMT', 'Content-Length': '91'} 
 body={"eventId":"order.created","createdAt":"2026-05-12T10:29:00.706056496Z"} 
 </msg>
<msg time="2026-05-12T12:29:00.714432" level="INFO">${resp} = &lt;Response [200]&gt;</msg>
<var>${resp}</var>
<arg>sparrow</arg>
<arg>/webhook.EventService/RegisterEvent</arg>
<arg>json=${body}</arg>
<arg>expected_status=200</arg>
<doc>Sends a POST request on a previously created HTTP Session.</doc>
<status status="PASS" start="2026-05-12T12:29:00.691711" elapsed="0.022749"/>
</kw>
<return>
<value>${resp.json()}</value>
<status status="PASS" start="2026-05-12T12:29:00.714587" elapsed="0.000101"/>
</return>
<arg>order.created</arg>
<doc>Register an event type.</doc>
<status status="PASS" start="2026-05-12T12:29:00.690198" elapsed="0.025161"/>
</kw>
<kw name="Register Webhook" owner="sparrow_api">
<kw name="Create Dictionary" owner="BuiltIn">
<msg time="2026-05-12T12:29:00.716809" level="INFO">${http_config} = {'max_retries': '3', 'request_timeout_seconds': '10', 'webhook_secret': 'e2e-test-secret'}</msg>
<var>${http_config}</var>
<arg>max_retries=${max_retries}</arg>
<arg>request_timeout_seconds=${request_timeout}</arg>
<arg>webhook_secret=${webhook_secret}</arg>
<doc>Creates and returns a dictionary based on the given ``items``.</doc>
<status status="PASS" start="2026-05-12T12:29:00.716271" elapsed="0.000567"/>
</kw>
<kw name="Create Dictionary" owner="BuiltIn">
<msg time="2026-05-12T12:29:00.717499" level="INFO">${body} = {'namespace': 'happy-path-25642', 'url': 'http://host.docker.internal:9100/webhook', 'active': True, 'events': ['order.created'], 'http_config': {'max_retries': '3', 'request_timeout_seconds': '10', '...</msg>
<var>${body}</var>
<arg>namespace=${namespace}</arg>
<arg>url=${url}</arg>
<arg>active=${True}</arg>
<arg>events=${events}</arg>
<arg>http_config=${http_config}</arg>
<doc>Creates and returns a dictionary based on the given ``items``.</doc>
<status status="PASS" start="2026-05-12T12:29:00.716945" elapsed="0.000580"/>
</kw>
<kw name="POST On Session" owner="RequestsLibrary">
<msg time="2026-05-12T12:29:00.735909" level="INFO">POST Request : url=http://localhost:33028/webhook.WebhookService/RegisterWebhook 
 path_url=/webhook.WebhookService/RegisterWebhook 
 headers={'User-Agent': 'python-requests/2.34.0', 'Accept-Encoding': 'gzip, deflate', 'Accept': '*/*', 'Connection': 'keep-alive', 'Content-Type': 'application/json', 'Content-Length': '236'} 
 body=b'{"namespace": "happy-path-25642", "url": "http://host.docker.internal:9100/webhook", "active": true, "events": ["order.created"], "http_config": {"max_retries": "3", "request_timeout_seconds": "10", "webhook_secret": "e2e-test-secret"}}' 
 </msg>
<msg time="2026-05-12T12:29:00.736068" level="INFO">POST Response : url=http://localhost:33028/webhook.WebhookService/RegisterWebhook 
 status=200, reason=OK 
 headers={'Accept-Encoding': 'gzip', 'Content-Encoding': 'gzip', 'Content-Type': 'application/json', 'Permissions-Policy': 'interest-cohort=()', 'Referrer-Policy': 'strict-origin-when-cross-origin', 'Vary': 'Origin', 'X-Content-Type-Options': 'nosniff', 'X-Frame-Options': 'DENY', 'Date': 'Tue, 12 May 2026 10:29:00 GMT', 'Content-Length': '99'} 
 body={"webhookId":"ce1b1204-b223-429d-8d27-a1a3319a46fd","signatureType":"hmac"} 
 </msg>
<msg time="2026-05-12T12:29:00.736299" level="INFO">${resp} = &lt;Response [200]&gt;</msg>
<var>${resp}</var>
<arg>sparrow</arg>
<arg>/webhook.WebhookService/RegisterWebhook</arg>
<arg>json=${body}</arg>
<arg>expected_status=200</arg>
<doc>Sends a POST request on a previously created HTTP Session.</doc>
<status status="PASS" start="2026-05-12T12:29:00.717880" elapsed="0.018456"/>
</kw>
<return>
<value>${resp.json()}</value>
<status status="PASS" start="2026-05-12T12:29:00.736458" elapsed="0.000077"/>
</return>
<msg time="2026-05-12T12:29:00.737326" level="INFO">${stripe_wh} = {'webhookId': 'ce1b1204-b223-429d-8d27-a1a3319a46fd', 'signatureType': 'hmac'}</msg>
<var>${stripe_wh}</var>
<arg>${ns}</arg>
<arg>${stripe_url}</arg>
<arg>order.created</arg>
<doc>Register a webhook endpoint with auto-subscriptions. Returns response with webhook_id.</doc>
<status status="PASS" start="2026-05-12T12:29:00.715762" elapsed="0.021599"/>
</kw>
<kw name="Register Webhook" owner="sparrow_api">
<kw name="Create Dictionary" owner="BuiltIn">
<msg time="2026-05-12T12:29:00.739082" level="INFO">${http_config} = {'max_retries': '3', 'request_timeout_seconds': '10', 'webhook_secret': 'e2e-test-secret'}</msg>
<var>${http_config}</var>
<arg>max_retries=${max_retries}</arg>
<arg>request_timeout_seconds=${request_timeout}</arg>
<arg>webhook_secret=${webhook_secret}</arg>
<doc>Creates and returns a dictionary based on the given ``items``.</doc>
<status status="PASS" start="2026-05-12T12:29:00.738435" elapsed="0.000687"/>
</kw>
<kw name="Create Dictionary" owner="BuiltIn">
<msg time="2026-05-12T12:29:00.739862" level="INFO">${body} = {'namespace': 'happy-path-25642', 'url': 'http://host.docker.internal:9101/webhook', 'active': True, 'events': ['order.created'], 'http_config': {'max_retries': '3', 'request_timeout_seconds': '10', '...</msg>
<var>${body}</var>
<arg>namespace=${namespace}</arg>
<arg>url=${url}</arg>
<arg>active=${True}</arg>
<arg>events=${events}</arg>
<arg>http_config=${http_config}</arg>
<doc>Creates and returns a dictionary based on the given ``items``.</doc>
<status status="PASS" start="2026-05-12T12:29:00.739285" elapsed="0.000610"/>
</kw>
<kw name="POST On Session" owner="RequestsLibrary">
<msg time="2026-05-12T12:29:00.753213" level="INFO">POST Request : url=http://localhost:33028/webhook.WebhookService/RegisterWebhook 
 path_url=/webhook.WebhookService/RegisterWebhook 
 headers={'User-Agent': 'python-requests/2.34.0', 'Accept-Encoding': 'gzip, deflate', 'Accept': '*/*', 'Connection': 'keep-alive', 'Content-Type': 'application/json', 'Content-Length': '236'} 
 body=b'{"namespace": "happy-path-25642", "url": "http://host.docker.internal:9101/webhook", "active": true, "events": ["order.created"], "http_config": {"max_retries": "3", "request_timeout_seconds": "10", "webhook_secret": "e2e-test-secret"}}' 
 </msg>
<msg time="2026-05-12T12:29:00.753379" level="INFO">POST Response : url=http://localhost:33028/webhook.WebhookService/RegisterWebhook 
 status=200, reason=OK 
 headers={'Accept-Encoding': 'gzip', 'Content-Encoding': 'gzip', 'Content-Type': 'application/json', 'Permissions-Policy': 'interest-cohort=()', 'Referrer-Policy': 'strict-origin-when-cross-origin', 'Vary': 'Origin', 'X-Content-Type-Options': 'nosniff', 'X-Frame-Options': 'DENY', 'Date': 'Tue, 12 May 2026 10:29:00 GMT', 'Content-Length': '99'} 
 body={"webhookId":"bbe23532-a592-4640-a7fb-53919c18def4","signatureType":"hmac"} 
 </msg>
<msg time="2026-05-12T12:29:00.753607" level="INFO">${resp} = &lt;Response [200]&gt;</msg>
<var>${resp}</var>
<arg>sparrow</arg>
<arg>/webhook.WebhookService/RegisterWebhook</arg>
<arg>json=${body}</arg>
<arg>expected_status=200</arg>
<doc>Sends a POST request on a previously created HTTP Session.</doc>
<status status="PASS" start="2026-05-12T12:29:00.740038" elapsed="0.013606"/>
</kw>
<return>
<value>${resp.json()}</value>
<status status="PASS" start="2026-05-12T12:29:00.753782" elapsed="0.000084"/>
</return>
<msg time="2026-05-12T12:29:00.754710" level="INFO">${shippo_wh} = {'webhookId': 'bbe23532-a592-4640-a7fb-53919c18def4', 'signatureType': 'hmac'}</msg>
<var>${shippo_wh}</var>
<arg>${ns}</arg>
<arg>${shippo_url}</arg>
<arg>order.created</arg>
<doc>Register a webhook endpoint with auto-subscriptions. Returns response with webhook_id.</doc>
<status status="PASS" start="2026-05-12T12:29:00.737799" elapsed="0.016945"/>
</kw>
<kw name="Register Webhook" owner="sparrow_api">
<kw name="Create Dictionary" owner="BuiltIn">
<msg time="2026-05-12T12:29:00.756509" level="INFO">${http_config} = {'max_retries': '3', 'request_timeout_seconds': '10', 'webhook_secret': 'e2e-test-secret'}</msg>
<var>${http_config}</var>
<arg>max_retries=${max_retries}</arg>
<arg>request_timeout_seconds=${request_timeout}</arg>
<arg>webhook_secret=${webhook_secret}</arg>
<doc>Creates and returns a dictionary based on the given ``items``.</doc>
<status status="PASS" start="2026-05-12T12:29:00.755826" elapsed="0.000716"/>
</kw>
<kw name="Create Dictionary" owner="BuiltIn">
<msg time="2026-05-12T12:29:00.757240" level="INFO">${body} = {'namespace': 'happy-path-25642', 'url': 'http://host.docker.internal:9102/webhook', 'active': True, 'events': ['order.created'], 'http_config': {'max_retries': '3', 'request_timeout_seconds': '10', '...</msg>
<var>${body}</var>
<arg>namespace=${namespace}</arg>
<arg>url=${url}</arg>
<arg>active=${True}</arg>
<arg>events=${events}</arg>
<arg>http_config=${http_config}</arg>
<doc>Creates and returns a dictionary based on the given ``items``.</doc>
<status status="PASS" start="2026-05-12T12:29:00.756684" elapsed="0.000587"/>
</kw>
<kw name="POST On Session" owner="RequestsLibrary">
<msg time="2026-05-12T12:29:00.767992" level="INFO">POST Request : url=http://localhost:33028/webhook.WebhookService/RegisterWebhook 
 path_url=/webhook.WebhookService/RegisterWebhook 
 headers={'User-Agent': 'python-requests/2.34.0', 'Accept-Encoding': 'gzip, deflate', 'Accept': '*/*', 'Connection': 'keep-alive', 'Content-Type': 'application/json', 'Content-Length': '236'} 
 body=b'{"namespace": "happy-path-25642", "url": "http://host.docker.internal:9102/webhook", "active": true, "events": ["order.created"], "http_config": {"max_retries": "3", "request_timeout_seconds": "10", "webhook_secret": "e2e-test-secret"}}' 
 </msg>
<msg time="2026-05-12T12:29:00.768088" level="INFO">POST Response : url=http://localhost:33028/webhook.WebhookService/RegisterWebhook 
 status=200, reason=OK 
 headers={'Accept-Encoding': 'gzip', 'Content-Encoding': 'gzip', 'Content-Type': 'application/json', 'Permissions-Policy': 'interest-cohort=()', 'Referrer-Policy': 'strict-origin-when-cross-origin', 'Vary': 'Origin', 'X-Content-Type-Options': 'nosniff', 'X-Frame-Options': 'DENY', 'Date': 'Tue, 12 May 2026 10:29:00 GMT', 'Content-Length': '99'} 
 body={"webhookId":"a41764d8-fa77-4ed0-98f9-462942c33156","signatureType":"hmac"} 
 </msg>
<msg time="2026-05-12T12:29:00.768504" level="INFO">${resp} = &lt;Response [200]&gt;</msg>
<var>${resp}</var>
<arg>sparrow</arg>
<arg>/webhook.WebhookService/RegisterWebhook</arg>
<arg>json=${body}</arg>
<arg>expected_status=200</arg>
<doc>Sends a POST request on a previously created HTTP Session.</doc>
<status status="PASS" start="2026-05-12T12:29:00.757405" elapsed="0.011132"/>
</kw>
<return>
<value>${resp.json()}</value>
<status status="PASS" start="2026-05-12T12:29:00.768620" elapsed="0.000050"/>
</return>
<msg time="2026-05-12T12:29:00.769318" level="INFO">${slack_wh} = {'webhookId': 'a41764d8-fa77-4ed0-98f9-462942c33156', 'signatureType': 'hmac'}</msg>
<var>${slack_wh}</var>
<arg>${ns}</arg>
<arg>${slack_url}</arg>
<arg>order.created</arg>
<doc>Register a webhook endpoint with auto-subscriptions. Returns response with webhook_id.</doc>
<status status="PASS" start="2026-05-12T12:29:00.755219" elapsed="0.014130"/>
</kw>
<kw name="Evaluate" owner="BuiltIn">
<msg time="2026-05-12T12:29:00.770094" level="INFO">${payload} = {'order_id': 'ord-7741', 'amount': 42.0, 'customer': 'acme-corp'}</msg>
<var>${payload}</var>
<arg>{"order_id": "ord-7741", "amount": 42.0, "customer": "acme-corp"}</arg>
<doc>Evaluates the given expression in Python and returns the result.</doc>
<status status="PASS" start="2026-05-12T12:29:00.769602" elapsed="0.000525"/>
</kw>
<kw name="Push Event" owner="sparrow_api">
<kw name="Create Dictionary" owner="BuiltIn">
<msg time="2026-05-12T12:29:00.771612" level="INFO">${body} = {'event': 'order.created', 'namespace': 'happy-path-25642', 'payload': {'order_id': 'ord-7741', 'amount': 42.0, 'customer': 'acme-corp'}}</msg>
<var>${body}</var>
<arg>event=${event_name}</arg>
<arg>namespace=${namespace}</arg>
<arg>payload=${payload}</arg>
<doc>Creates and returns a dictionary based on the given ``items``.</doc>
<status status="PASS" start="2026-05-12T12:29:00.770972" elapsed="0.000673"/>
</kw>
<if>
<branch type="IF" condition="$idempotency_key is not None">
<kw name="Set To Dictionary" owner="Collections">
<arg>${body}</arg>
<arg>id=${idempotency_key}</arg>
<doc>Adds the given ``key_value_pairs`` and/or ``items`` to the ``dictionary``.</doc>
<status status="NOT RUN" start="2026-05-12T12:29:00.772096" elapsed="0.000023"/>
</kw>
<status status="NOT RUN" start="2026-05-12T12:29:00.771785" elapsed="0.000375"/>
</branch>
<status status="PASS" start="2026-05-12T12:29:00.771742" elapsed="0.000459"/>
</if>
<kw name="POST On Session" owner="RequestsLibrary">
<msg time="2026-05-12T12:29:00.789533" level="INFO">POST Request : url=http://localhost:33028/webhook.EventService/PushEvent 
 path_url=/webhook.EventService/PushEvent 
 headers={'User-Agent': 'python-requests/2.34.0', 'Accept-Encoding': 'gzip, deflate', 'Accept': '*/*', 'Connection': 'keep-alive', 'Content-Type': 'application/json', 'Content-Length': '137'} 
 body=b'{"event": "order.created", "namespace": "happy-path-25642", "payload": {"order_id": "ord-7741", "amount": 42.0, "customer": "acme-corp"}}' 
 </msg>
<msg time="2026-05-12T12:29:00.789651" level="INFO">POST Response : url=http://localhost:33028/webhook.EventService/PushEvent 
 status=200, reason=OK 
 headers={'Accept-Encoding': 'gzip', 'Content-Encoding': 'gzip', 'Content-Type': 'application/json', 'Permissions-Policy': 'interest-cohort=()', 'Referrer-Policy': 'strict-origin-when-cross-origin', 'Vary': 'Origin', 'X-Content-Type-Options': 'nosniff', 'X-Frame-Options': 'DENY', 'Date': 'Tue, 12 May 2026 10:29:00 GMT', 'Content-Length': '74'} 
 body={"eventId":"969ab7a4-0278-407e-baf4-7dd27c0c9422"} 
 </msg>
<msg time="2026-05-12T12:29:00.789823" level="INFO">${resp} = &lt;Response [200]&gt;</msg>
<var>${resp}</var>
<arg>sparrow</arg>
<arg>/webhook.EventService/PushEvent</arg>
<arg>json=${body}</arg>
<arg>expected_status=200</arg>
<doc>Sends a POST request on a previously created HTTP Session.</doc>
<status status="PASS" start="2026-05-12T12:29:00.772312" elapsed="0.017543"/>
</kw>
<return>
<value>${resp.json()}</value>
<status status="PASS" start="2026-05-12T12:29:00.789953" elapsed="0.000062"/>
</return>
<msg time="2026-05-12T12:29:00.790835" level="INFO">${push_resp} = {'eventId': '969ab7a4-0278-407e-baf4-7dd27c0c9422'}</msg>
<var>${push_resp}</var>
<arg>order.created</arg>
<arg>${ns}</arg>
<arg>${payload}</arg>
<doc>Push an event. Returns response with event_id.</doc>
<status status="PASS" start="2026-05-12T12:29:00.770535" elapsed="0.020333"/>
</kw>
<kw name="Wait For Deliveries" owner="WebhookTargetServer">
<arg>stripe</arg>
<arg>1</arg>
<arg>timeout=30s</arg>
<doc>Wait until target has received at least N deliveries.</doc>
<status status="PASS" start="2026-05-12T12:29:00.791203" elapsed="0.030157"/>
</kw>
<kw name="Wait For Deliveries" owner="WebhookTargetServer">
<arg>shippo</arg>
<arg>1</arg>
<arg>timeout=30s</arg>
<doc>Wait until target has received at least N deliveries.</doc>
<status status="PASS" start="2026-05-12T12:29:00.821850" elapsed="0.013208"/>
</kw>
<kw name="Wait For Deliveries" owner="WebhookTargetServer">
<arg>slack</arg>
<arg>1</arg>
<arg>timeout=30s</arg>
<doc>Wait until target has received at least N deliveries.</doc>
<status status="PASS" start="2026-05-12T12:29:00.835536" elapsed="0.000243"/>
</kw>
<kw name="Get Delivery Count" owner="WebhookTargetServer">
<msg time="2026-05-12T12:29:00.836170" level="INFO">${stripe_count} = 1</msg>
<var>${stripe_count}</var>
<arg>stripe</arg>
<doc>Return number of deliveries received by target.</doc>
<status status="PASS" start="2026-05-12T12:29:00.835998" elapsed="0.000199"/>
</kw>
<kw name="Get Delivery Count" owner="WebhookTargetServer">
<msg time="2026-05-12T12:29:00.836489" level="INFO">${shippo_count} = 1</msg>
<var>${shippo_count}</var>
<arg>shippo</arg>
<doc>Return number of deliveries received by target.</doc>
<status status="PASS" start="2026-05-12T12:29:00.836351" elapsed="0.000161"/>
</kw>
<kw name="Get Delivery Count" owner="WebhookTargetServer">
<msg time="2026-05-12T12:29:00.836749" level="INFO">${slack_count} = 1</msg>
<var>${slack_count}</var>
<arg>slack</arg>
<doc>Return number of deliveries received by target.</doc>
<status status="PASS" start="2026-05-12T12:29:00.836642" elapsed="0.000127"/>
</kw>
<kw name="Should Be Equal As Integers" owner="BuiltIn">
<msg time="2026-05-12T12:29:00.837167" level="INFO">Argument types are:
&lt;class 'int'&gt;
&lt;class 'str'&gt;</msg>
<arg>${stripe_count}</arg>
<arg>1</arg>
<doc>Fails if objects are unequal after converting them to integers.</doc>
<status status="PASS" start="2026-05-12T12:29:00.836885" elapsed="0.000339"/>
</kw>
<kw name="Should Be Equal As Integers" owner="BuiltIn">
<msg time="2026-05-12T12:29:00.837592" level="INFO">Argument types are:
&lt;class 'int'&gt;
&lt;class 'str'&gt;</msg>
<arg>${shippo_count}</arg>
<arg>1</arg>
<doc>Fails if objects are unequal after converting them to integers.</doc>
<status status="PASS" start="2026-05-12T12:29:00.837380" elapsed="0.000259"/>
</kw>
<kw name="Should Be Equal As Integers" owner="BuiltIn">
<msg time="2026-05-12T12:29:00.837929" level="INFO">Argument types are:
&lt;class 'int'&gt;
&lt;class 'str'&gt;</msg>
<arg>${slack_count}</arg>
<arg>1</arg>
<doc>Fails if objects are unequal after converting them to integers.</doc>
<status status="PASS" start="2026-05-12T12:29:00.837755" elapsed="0.000207"/>
</kw>
<kw name="Get Latest Delivery" owner="WebhookTargetServer">
<msg time="2026-05-12T12:29:00.838160" level="INFO">${stripe_delivery} = {'body': {'version': '1', 'event_id': '969ab7a4-0278-407e-baf4-7dd27c0c9422', 'event_name': 'order.created', 'timestamp': '2026-05-12T10:29:00Z', 'attempt': 1, 'payload': {'amount': 42, 'customer': 'a...</msg>
<var>${stripe_delivery}</var>
<arg>stripe</arg>
<doc>Return the most recent delivery for a target.</doc>
<status status="PASS" start="2026-05-12T12:29:00.838055" elapsed="0.000122"/>
</kw>
<kw name="Delivery Has Signature Headers" owner="SignatureVerifier">
<arg>${stripe_delivery}</arg>
<doc>Assert that a delivery has the required Standard Webhooks signature headers.</doc>
<status status="PASS" start="2026-05-12T12:29:00.838255" elapsed="0.000095"/>
</kw>
<kw name="List Deliveries" owner="sparrow_api">
<kw name="Create Dictionary" owner="BuiltIn">
<msg time="2026-05-12T12:29:00.839272" level="INFO">${body} = {}</msg>
<var>${body}</var>
<doc>Creates and returns a dictionary based on the given ``items``.</doc>
<status status="PASS" start="2026-05-12T12:29:00.838955" elapsed="0.000341"/>
</kw>
<if>
<branch type="IF" condition="$namespace is not None">
<kw name="Set To Dictionary" owner="Collections">
<arg>${body}</arg>
<arg>namespace=${namespace}</arg>
<doc>Adds the given ``key_value_pairs`` and/or ``items`` to the ``dictionary``.</doc>
<status status="PASS" start="2026-05-12T12:29:00.839597" elapsed="0.000291"/>
</kw>
<status status="PASS" start="2026-05-12T12:29:00.839378" elapsed="0.000544"/>
</branch>
<status status="PASS" start="2026-05-12T12:29:00.839351" elapsed="0.000600"/>
</if>
<if>
<branch type="IF" condition="$webhook_id is not None">
<kw name="Set To Dictionary" owner="Collections">
<arg>${body}</arg>
<arg>webhook_id=${webhook_id}</arg>
<doc>Adds the given ``key_value_pairs`` and/or ``items`` to the ``dictionary``.</doc>
<status status="NOT RUN" start="2026-05-12T12:29:00.840115" elapsed="0.000014"/>
</kw>
<status status="NOT RUN" start="2026-05-12T12:29:00.839992" elapsed="0.000161"/>
</branch>
<status status="PASS" start="2026-05-12T12:29:00.839980" elapsed="0.000190"/>
</if>
<if>
<branch type="IF" condition="$event_id is not None">
<kw name="Set To Dictionary" owner="Collections">
<arg>${body}</arg>
<arg>event_id=${event_id}</arg>
<doc>Adds the given ``key_value_pairs`` and/or ``items`` to the ``dictionary``.</doc>
<status status="NOT RUN" start="2026-05-12T12:29:00.840312" elapsed="0.000017"/>
</kw>
<status status="NOT RUN" start="2026-05-12T12:29:00.840207" elapsed="0.000145"/>
</branch>
<status status="PASS" start="2026-05-12T12:29:00.840197" elapsed="0.000175"/>
</if>
<if>
<branch type="IF" condition="$status is not None">
<kw name="Set To Dictionary" owner="Collections">
<arg>${body}</arg>
<arg>status=${status}</arg>
<doc>Adds the given ``key_value_pairs`` and/or ``items`` to the ``dictionary``.</doc>
<status status="NOT RUN" start="2026-05-12T12:29:00.840513" elapsed="0.000012"/>
</kw>
<status status="NOT RUN" start="2026-05-12T12:29:00.840409" elapsed="0.000139"/>
</branch>
<status status="PASS" start="2026-05-12T12:29:00.840397" elapsed="0.000167"/>
</if>
<kw name="POST On Session" owner="RequestsLibrary">
<msg time="2026-05-12T12:29:00.846063" level="INFO">POST Request : url=http://localhost:33028/webhook.DeliveryService/ListDeliveries 
 path_url=/webhook.DeliveryService/ListDeliveries 
 headers={'User-Agent': 'python-requests/2.34.0', 'Accept-Encoding': 'gzip, deflate', 'Accept': '*/*', 'Connection': 'keep-alive', 'Content-Type': 'application/json', 'Content-Length': '33'} 
 body=b'{"namespace": "happy-path-25642"}' 
 </msg>
<msg time="2026-05-12T12:29:00.846124" level="INFO">POST Response : url=http://localhost:33028/webhook.DeliveryService/ListDeliveries 
 status=200, reason=OK 
 headers={'Accept-Encoding': 'gzip', 'Content-Encoding': 'gzip', 'Content-Type': 'application/json', 'Permissions-Policy': 'interest-cohort=()', 'Referrer-Policy': 'strict-origin-when-cross-origin', 'Vary': 'Origin', 'X-Content-Type-Options': 'nosniff', 'X-Frame-Options': 'DENY', 'Date': 'Tue, 12 May 2026 10:29:00 GMT', 'Content-Length': '569'} 
 body={"deliveries":[{"deliveryId":"ef27b0cf-3065-416b-9a2d-574ec8984d06","webhookId":"ce1b1204-b223-429d-8d27-a1a3319a46fd","eventId":"969ab7a4-0278-407e-baf4-7dd27c0c9422","status":"DELIVERY_SUCCESS","attemptCount":1,"maxAttempts":4,"createdAt":"2026-05-12T10:29:00.796146Z","lastAttemptedAt":"2026-05-12T10:29:00.822675Z","expiresAt":"9999-01-01T00:00:00Z","responseCode":200,"requestBody":"{\"version\":\"1\",\"event_id\":\"969ab7a4-0278-407e-baf4-7dd27c0c9422\",\"event_name\":\"order.created\",\"timestamp\":\"2026-05-12T10:29:00Z\",\"attempt\":1,\"payload\":{\"amount\":42,\"customer\":\"acme-corp\",\"order_id\":\"ord-7741\"}}","errorCategory":"success"},{"deliveryId":"eef31bf8-91a3-43cf-aa39-aaf04c5f6c3e","webhookId":"bbe23532-a592-4640-a7fb-53919c18def4","eventId":"969ab7a4-0278-407e-baf4-7dd27c0c9422","status":"DELIVERY_SUCCESS","attemptCount":1,"maxAttempts":4,"createdAt":"2026-05-12T10:29:00.796146Z","lastAttemptedAt":"2026-05-12T10:29:00.835865Z","expiresAt":"9999-01-01T00:00:00Z","responseCode":200,"requestBody":"{\"version\":\"1\",\"event_id\":\"969ab7a4-0278-407e-baf4-7dd27c0c9422\",\"event_name\":\"order.created\",\"timestamp\":\"2026-05-12T10:29:00Z\",\"attempt\":1,\"payload\":{\"amount\":42,\"customer\":\"acme-corp\",\"order_id\":\"ord-7741\"}}","errorCategory":"success"},{"deliveryId":"2b1500fc-d517-4d90-a436-b99005f22799","webhookId":"a41764d8-fa77-4ed0-98f9-462942c33156","eventId":"969ab7a4-0278-407e-baf4-7dd27c0c9422","status":"DELIVERY_SUCCESS","attemptCount":1,"maxAttempts":4,"createdAt":"2026-05-12T10:29:00.796146Z","lastAttemptedAt":"2026-05-12T10:29:00.835488Z","expiresAt":"9999-01-01T00:00:00Z","responseCode":200,"requestBody":"{\"version\":\"1\",\"event_id\":\"969ab7a4-0278-407e-baf4-7dd27c0c9422\",\"event_name\":\"order.created\",\"timestamp\":\"2026-05-12T10:29:00Z\",\"attempt\":1,\"payload\":{\"amount\":42,\"customer\":\"acme-corp\",\"order_id\":\"ord-7741\"}}","errorCategory":"success"}],"pagination":{"totalCount":3}} 
 </msg>
<msg time="2026-05-12T12:29:00.846237" level="INFO">${resp} = &lt;Response [200]&gt;</msg>
<var>${resp}</var>
<arg>sparrow</arg>
<arg>/webhook.DeliveryService/ListDeliveries</arg>
<arg>json=${body}</arg>
<arg>expected_status=200</arg>
<doc>Sends a POST request on a previously created HTTP Session.</doc>
<status status="PASS" start="2026-05-12T12:29:00.840623" elapsed="0.005633"/>
</kw>
<return>
<value>${resp.json()}</value>
<status status="PASS" start="2026-05-12T12:29:00.846308" elapsed="0.000034"/>
</return>
<msg time="2026-05-12T12:29:00.846740" level="INFO">${deliveries} = {'deliveries': [{'deliveryId': 'ef27b0cf-3065-416b-9a2d-574ec8984d06', 'webhookId': 'ce1b1204-b223-429d-8d27-a1a3319a46fd', 'eventId': '969ab7a4-0278-407e-baf4-7dd27c0c9422', 'status': 'DELIVERY_SUCCE...</msg>
<var>${deliveries}</var>
<arg>namespace=${ns}</arg>
<doc>List deliveries with optional filters.</doc>
<status status="PASS" start="2026-05-12T12:29:00.838580" elapsed="0.008181"/>
</kw>
<kw name="Length Should Be" owner="BuiltIn">
<msg time="2026-05-12T12:29:00.847321" level="INFO">Length is 3.</msg>
<arg>${deliveries}[deliveries]</arg>
<arg>3</arg>
<doc>Verifies that the length of the given item is correct.</doc>
<status status="PASS" start="2026-05-12T12:29:00.846906" elapsed="0.000449"/>
</kw>
<doc>Push order.created -&gt; Stripe, Shippo, and Slack all receive it.</doc>
<tag>fan_out</tag>
<tag>happy_path</tag>
<tag>signatures</tag>
<status status="PASS" start="2026-05-12T12:28:45.640750" elapsed="15.206735"/>
</test>
<kw name="Run Keywords" owner="BuiltIn" type="TEARDOWN">
<kw name="Suite Teardown - Stop Targets" owner="common">
<kw name="Stop All Targets" owner="WebhookTargetServer">
<doc>Stop all running targets. Call in suite teardown.</doc>
<status status="PASS" start="2026-05-12T12:29:00.848276" elapsed="0.488973"/>
</kw>
<doc>Stop all mock webhook targets.</doc>
<status status="PASS" start="2026-05-12T12:29:00.848195" elapsed="0.489375"/>
</kw>
<kw name="Stop Sparrow" owner="SparrowEnvironment">
<doc>Stop all containers.</doc>
<status status="PASS" start="2026-05-12T12:29:01.338107" elapsed="0.354772"/>
</kw>
<arg>Suite Teardown - Stop Targets</arg>
<arg>AND</arg>
<arg>Stop Sparrow</arg>
<doc>Executes all the given keywords in a sequence.</doc>
<status status="PASS" start="2026-05-12T12:29:00.847947" elapsed="0.845020"/>
</kw>
<doc>Scenario 1: The Happy Path -- One Event, Multiple Subscribers

I'm building an e-commerce platform. When an order is created, Stripe needs
to know (for payment), Shippo needs to know (for shipping), and Slack needs
to know (for team notifications). I push one event and all three receive it
with valid signatures.</doc>
<status status="PASS" start="2026-05-12T12:28:40.779792" elapsed="20.913213"/>
</suite>
<status status="PASS" start="2026-05-12T12:28:40.766587" elapsed="20.927056"/>
</suite>
<statistics>
<total>
<stat pass="1" fail="0" skip="0">All Tests</stat>
</total>
<tag>
<stat pass="1" fail="0" skip="0">fan_out</stat>
<stat pass="1" fail="0" skip="0">happy_path</stat>
<stat pass="1" fail="0" skip="0">signatures</stat>
</tag>
<suite>
<stat name="Tests" id="s1" pass="1" fail="0" skip="0">Tests</stat>
<stat name="01 Happy Path" id="s1-s1" pass="1" fail="0" skip="0">Tests.01 Happy Path</stat>
</suite>
</statistics>
<errors>
</errors>
</robot>
